<?xml version="1.0" encoding="UTF-8"?>
<!-- Generated by org.testng.reporters.JUnitReportReporter -->
<testsuite hostname="druja-PC" failures="0" tests="3" name="learningTestNG.DependsOnMethodsFlag" time="0.039" errors="0" timestamp="12 Mar 2024 14:11:20 GMT" skipped="0">
  <testcase classname="learningTestNG.DependsOnMethodsFlag" name="logout" time="0.011"/>
  <testcase classname="learningTestNG.DependsOnMethodsFlag" name="login" time="0.021"/>
  <testcase classname="learningTestNG.DependsOnMethodsFlag" name="addToCart" time="0.007"/>
</testsuite> <!-- learningTestNG.DependsOnMethodsFlag -->
