<?xml version="1.0" encoding="UTF-8"?>
<!-- Generated by org.testng.reporters.JUnitReportReporter -->
<testsuite hostname="druja-PC" failures="0" tests="3" name="learningTestNG.PriorityFlag" time="0.025" errors="0" timestamp="12 Mar 2024 13:36:12 GMT" skipped="0">
  <testcase classname="learningTestNG.PriorityFlag" name="login" time="0.020"/>
  <testcase classname="learningTestNG.PriorityFlag" name="addToCart" time="0.003"/>
  <testcase classname="learningTestNG.PriorityFlag" name="logout" time="0.002"/>
</testsuite> <!-- learningTestNG.PriorityFlag -->
