<?xml version="1.0" encoding="UTF-8"?>
<!-- Generated by org.testng.reporters.JUnitReportReporter -->
<testsuite hostname="druja-PC" failures="0" tests="1" name="testNGExecution.Demo" time="35.476" errors="0" timestamp="13 Mar 2024 14:43:52 GMT" skipped="0">
  <testcase classname="testNGExecution.Demo" name="demo" time="35.476"/>
</testsuite> <!-- testNGExecution.Demo -->
