<?xml version="1.0" encoding="UTF-8"?>
<!-- Generated by org.testng.reporters.JUnitReportReporter -->
<testsuite hostname="druja-PC" failures="0" tests="3" name="learningTestNG.DescriptionFlag" time="0.076" errors="0" timestamp="12 Mar 2024 13:53:36 GMT" skipped="0">
  <testcase classname="learningTestNG.DescriptionFlag" name="login" time="0.064"/>
  <testcase classname="learningTestNG.DescriptionFlag" name="addToCart" time="0.004"/>
  <testcase classname="learningTestNG.DescriptionFlag" name="logout" time="0.008"/>
</testsuite> <!-- learningTestNG.DescriptionFlag -->
