<?xml version="1.0" encoding="UTF-8"?>
<!-- Generated by org.testng.reporters.JUnitReportReporter -->
<testsuite hostname="druja-PC" failures="0" tests="3" name="learningTestNG.FirstTestNGClass" time="0.079" errors="0" timestamp="11 Mar 2024 14:35:25 GMT" skipped="0">
  <testcase classname="learningTestNG.FirstTestNGClass" name="login" time="0.045"/>
  <testcase classname="learningTestNG.FirstTestNGClass" name="addToCart" time="0.022"/>
  <testcase classname="learningTestNG.FirstTestNGClass" name="loginOut" time="0.012"/>
</testsuite> <!-- learningTestNG.FirstTestNGClass -->
