<?xml version="1.0" encoding="UTF-8"?>
<!-- Generated by org.testng.reporters.JUnitReportReporter -->
<testsuite hostname="druja-PC" failures="0" tests="3" name="learningTestNG.EnableFlag" time="0.039" errors="0" timestamp="12 Mar 2024 13:58:00 GMT" skipped="1">
  <testcase classname="learningTestNG.EnableFlag" name="logout" time="0.009"/>
  <testcase classname="learningTestNG.EnableFlag" name="login" time="0.030"/>
  <testcase classname="learningTestNG.EnableFlag" name="addToCart">
    <skipped/>
  </testcase> <!-- addToCart -->
</testsuite> <!-- learningTestNG.EnableFlag -->
