<?xml version="1.0" encoding="UTF-8"?>
<!-- Generated by org.testng.reporters.JUnitReportReporter -->
<testsuite hostname="druja-PC" failures="0" tests="2" name="learningTestNG.Annotations" time="0.070" errors="0" timestamp="13 Mar 2024 14:01:10 GMT" skipped="0">
  <testcase classname="learningTestNG.Annotations" name="test1" time="0.039"/>
  <testcase classname="learningTestNG.Annotations" name="test2" time="0.031"/>
</testsuite> <!-- learningTestNG.Annotations -->
