<?xml version="1.0" encoding="UTF-8"?>
<!-- Generated by org.testng.reporters.JUnitReportReporter -->
<testsuite hostname="druja-PC" failures="0" tests="1" name="testNGExecution.Remo" time="75.382" errors="0" timestamp="13 Mar 2024 14:43:52 GMT" skipped="0">
  <testcase classname="testNGExecution.Remo" name="remo" time="75.382"/>
</testsuite> <!-- testNGExecution.Remo -->
