<?xml version="1.0" encoding="UTF-8"?>
<!-- Generated by org.testng.reporters.JUnitReportReporter -->
<testsuite hostname="druja-PC" failures="0" tests="7" name="learningTestNG.InvocationCountFlag$EnableFlag" time="0.069" errors="0" timestamp="12 Mar 2024 14:03:07 GMT" skipped="0">
  <testcase classname="learningTestNG.InvocationCountFlag$EnableFlag" name="login" time="0.023"/>
  <testcase classname="learningTestNG.InvocationCountFlag$EnableFlag" name="addToCart" time="0.011"/>
  <testcase classname="learningTestNG.InvocationCountFlag$EnableFlag" name="addToCart" time="0.005"/>
  <testcase classname="learningTestNG.InvocationCountFlag$EnableFlag" name="addToCart" time="0.006"/>
  <testcase classname="learningTestNG.InvocationCountFlag$EnableFlag" name="addToCart" time="0.012"/>
  <testcase classname="learningTestNG.InvocationCountFlag$EnableFlag" name="addToCart" time="0.003"/>
  <testcase classname="learningTestNG.InvocationCountFlag$EnableFlag" name="logout" time="0.009"/>
</testsuite> <!-- learningTestNG.InvocationCountFlag$EnableFlag -->
